<?xml version="1.0" encoding="UTF-8"?>
<coverage generated="1763928947204" clover="3.2.0">
  <project timestamp="1763928947204" name="All files">
    <metrics statements="56" coveredstatements="48" conditionals="19" coveredconditionals="14" methods="16" coveredmethods="13" elements="91" coveredelements="75" complexity="0" loc="56" ncloc="56" packages="1" files="1" classes="1"/>
    <file name="useGameLogic.js" path="/Users/suleimanmubarak/memory-card/src/hooks/useGameLogic.js">
      <metrics statements="56" coveredstatements="48" conditionals="19" coveredconditionals="14" methods="16" coveredmethods="13"/>
      <line num="3" count="1" type="stmt"/>
      <line num="4" count="15" type="stmt"/>
      <line num="5" count="15" type="stmt"/>
      <line num="6" count="15" type="stmt"/>
      <line num="7" count="15" type="stmt"/>
      <line num="8" count="15" type="stmt"/>
      <line num="10" count="15" type="stmt"/>
      <line num="11" count="4" type="stmt"/>
      <line num="12" count="4" type="stmt"/>
      <line num="13" count="12" type="stmt"/>
      <line num="14" count="12" type="stmt"/>
      <line num="16" count="4" type="stmt"/>
      <line num="19" count="15" type="stmt"/>
      <line num="21" count="4" type="stmt"/>
      <line num="22" count="16" type="stmt"/>
      <line num="28" count="4" type="stmt"/>
      <line num="29" count="4" type="stmt"/>
      <line num="30" count="4" type="stmt"/>
      <line num="31" count="4" type="stmt"/>
      <line num="32" count="4" type="stmt"/>
      <line num="35" count="15" type="stmt"/>
      <line num="36" count="4" type="stmt"/>
      <line num="39" count="15" type="stmt"/>
      <line num="41" count="6" type="cond" truecount="5" falsecount="0"/>
      <line num="42" count="1" type="stmt"/>
      <line num="46" count="5" type="stmt"/>
      <line num="47" count="20" type="cond" truecount="2" falsecount="0"/>
      <line num="48" count="5" type="stmt"/>
      <line num="50" count="15" type="stmt"/>
      <line num="54" count="5" type="stmt"/>
      <line num="57" count="5" type="stmt"/>
      <line num="58" count="5" type="stmt"/>
      <line num="61" count="5" type="cond" truecount="2" falsecount="0"/>
      <line num="62" count="2" type="stmt"/>
      <line num="66" count="2" type="cond" truecount="1" falsecount="1"/>
      <line num="67" count="2" type="stmt"/>
      <line num="68" count="2" type="stmt"/>
      <line num="70" count="2" type="stmt"/>
      <line num="71" count="2" type="stmt"/>
      <line num="72" count="8" type="cond" truecount="4" falsecount="0"/>
      <line num="73" count="4" type="stmt"/>
      <line num="75" count="4" type="stmt"/>
      <line num="80" count="2" type="stmt"/>
      <line num="81" count="2" type="stmt"/>
      <line num="85" count="0" type="stmt"/>
      <line num="87" count="0" type="stmt"/>
      <line num="88" count="0" type="cond" truecount="0" falsecount="4"/>
      <line num="89" count="0" type="stmt"/>
      <line num="91" count="0" type="stmt"/>
      <line num="96" count="0" type="stmt"/>
      <line num="97" count="0" type="stmt"/>
      <line num="101" count="5" type="stmt"/>
      <line num="104" count="15" type="stmt"/>
      <line num="105" count="0" type="stmt"/>
      <line num="107" count="15" type="stmt"/>
      <line num="109" count="15" type="stmt"/>
    </file>
  </project>
</coverage>
