{"/Users/suleimanmubarak/memory-card/src/hooks/useGameLogic.js": {"path":"/Users/suleimanmubarak/memory-card/src/hooks/useGameLogic.js","statementMap":{"0":{"start":{"line":3,"column":28},"end":{"line":118,"column":1}},"1":{"start":{"line":4,"column":26},"end":{"line":4,"column":39}},"2":{"start":{"line":5,"column":40},"end":{"line":5,"column":53}},"3":{"start":{"line":6,"column":38},"end":{"line":6,"column":51}},"4":{"start":{"line":7,"column":26},"end":{"line":7,"column":38}},"5":{"start":{"line":8,"column":26},"end":{"line":8,"column":38}},"6":{"start":{"line":10,"column":22},"end":{"line":17,"column":2}},"7":{"start":{"line":11,"column":19},"end":{"line":11,"column":29}},"8":{"start":{"line":12,"column":2},"end":{"line":15,"column":null}},"9":{"start":{"line":12,"column":15},"end":{"line":12,"column":34}},"10":{"start":{"line":13,"column":13},"end":{"line":13,"column":48}},"11":{"start":{"line":14,"column":3},"end":{"line":14,"column":null}},"12":{"start":{"line":16,"column":2},"end":{"line":16,"column":null}},"13":{"start":{"line":19,"column":24},"end":{"line":33,"column":2}},"14":{"start":{"line":21,"column":19},"end":{"line":21,"column":43}},"15":{"start":{"line":22,"column":24},"end":{"line":27,"column":5}},"16":{"start":{"line":22,"column":56},"end":{"line":27,"column":3}},"17":{"start":{"line":28,"column":2},"end":{"line":28,"column":null}},"18":{"start":{"line":29,"column":2},"end":{"line":29,"column":null}},"19":{"start":{"line":30,"column":2},"end":{"line":30,"column":null}},"20":{"start":{"line":31,"column":2},"end":{"line":31,"column":null}},"21":{"start":{"line":32,"column":2},"end":{"line":32,"column":null}},"22":{"start":{"line":35,"column":0},"end":{"line":37,"column":null}},"23":{"start":{"line":36,"column":2},"end":{"line":36,"column":null}},"24":{"start":{"line":39,"column":25},"end":{"line":102,"column":2}},"25":{"start":{"line":41,"column":2},"end":{"line":43,"column":null}},"26":{"start":{"line":42,"column":3},"end":{"line":42,"column":null}},"27":{"start":{"line":46,"column":19},"end":{"line":52,"column":4}},"28":{"start":{"line":47,"column":3},"end":{"line":51,"column":null}},"29":{"start":{"line":48,"column":4},"end":{"line":48,"column":null}},"30":{"start":{"line":50,"column":4},"end":{"line":50,"column":null}},"31":{"start":{"line":54,"column":2},"end":{"line":54,"column":null}},"32":{"start":{"line":57,"column":26},"end":{"line":57,"column":52}},"33":{"start":{"line":58,"column":2},"end":{"line":58,"column":null}},"34":{"start":{"line":61,"column":2},"end":{"line":100,"column":null}},"35":{"start":{"line":62,"column":21},"end":{"line":62,"column":43}},"36":{"start":{"line":66,"column":3},"end":{"line":99,"column":null}},"37":{"start":{"line":67,"column":4},"end":{"line":82,"column":null}},"38":{"start":{"line":68,"column":5},"end":{"line":68,"column":null}},"39":{"start":{"line":68,"column":29},"end":{"line":68,"column":61}},"40":{"start":{"line":70,"column":5},"end":{"line":78,"column":null}},"41":{"start":{"line":71,"column":6},"end":{"line":77,"column":null}},"42":{"start":{"line":72,"column":7},"end":{"line":76,"column":null}},"43":{"start":{"line":73,"column":8},"end":{"line":73,"column":null}},"44":{"start":{"line":75,"column":8},"end":{"line":75,"column":null}},"45":{"start":{"line":80,"column":5},"end":{"line":80,"column":null}},"46":{"start":{"line":81,"column":5},"end":{"line":81,"column":null}},"47":{"start":{"line":81,"column":24},"end":{"line":81,"column":32}},"48":{"start":{"line":85,"column":4},"end":{"line":98,"column":null}},"49":{"start":{"line":87,"column":29},"end":{"line":93,"column":7}},"50":{"start":{"line":88,"column":6},"end":{"line":92,"column":null}},"51":{"start":{"line":89,"column":7},"end":{"line":89,"column":null}},"52":{"start":{"line":91,"column":7},"end":{"line":91,"column":null}},"53":{"start":{"line":96,"column":5},"end":{"line":96,"column":null}},"54":{"start":{"line":97,"column":5},"end":{"line":97,"column":null}},"55":{"start":{"line":101,"column":2},"end":{"line":101,"column":null}},"56":{"start":{"line":101,"column":21},"end":{"line":101,"column":29}},"57":{"start":{"line":104,"column":21},"end":{"line":106,"column":2}},"58":{"start":{"line":105,"column":2},"end":{"line":105,"column":null}},"59":{"start":{"line":107,"column":18},"end":{"line":107,"column":54}},"60":{"start":{"line":109,"column":1},"end":{"line":117,"column":null}}},"fnMap":{"0":{"name":"(anonymous_0)","decl":{"start":{"line":3,"column":28},"end":{"line":3,"column":29}},"loc":{"start":{"line":3,"column":44},"end":{"line":118,"column":1}},"line":3},"1":{"name":"(anonymous_1)","decl":{"start":{"line":10,"column":22},"end":{"line":10,"column":23}},"loc":{"start":{"line":10,"column":33},"end":{"line":17,"column":2}},"line":10},"2":{"name":"(anonymous_2)","decl":{"start":{"line":19,"column":24},"end":{"line":19,"column":25}},"loc":{"start":{"line":19,"column":30},"end":{"line":33,"column":2}},"line":19},"3":{"name":"(anonymous_3)","decl":{"start":{"line":22,"column":37},"end":{"line":22,"column":38}},"loc":{"start":{"line":22,"column":56},"end":{"line":27,"column":3}},"line":22},"4":{"name":"(anonymous_4)","decl":{"start":{"line":35,"column":11},"end":{"line":35,"column":12}},"loc":{"start":{"line":35,"column":17},"end":{"line":37,"column":2}},"line":35},"5":{"name":"(anonymous_5)","decl":{"start":{"line":39,"column":25},"end":{"line":39,"column":26}},"loc":{"start":{"line":39,"column":35},"end":{"line":102,"column":2}},"line":39},"6":{"name":"(anonymous_6)","decl":{"start":{"line":46,"column":29},"end":{"line":46,"column":30}},"loc":{"start":{"line":46,"column":36},"end":{"line":52,"column":3}},"line":46},"7":{"name":"(anonymous_7)","decl":{"start":{"line":67,"column":15},"end":{"line":67,"column":16}},"loc":{"start":{"line":67,"column":21},"end":{"line":82,"column":5}},"line":67},"8":{"name":"(anonymous_8)","decl":{"start":{"line":68,"column":19},"end":{"line":68,"column":20}},"loc":{"start":{"line":68,"column":29},"end":{"line":68,"column":61}},"line":68},"9":{"name":"(anonymous_9)","decl":{"start":{"line":70,"column":14},"end":{"line":70,"column":15}},"loc":{"start":{"line":71,"column":6},"end":{"line":77,"column":null}},"line":71},"10":{"name":"(anonymous_10)","decl":{"start":{"line":71,"column":15},"end":{"line":71,"column":16}},"loc":{"start":{"line":71,"column":22},"end":{"line":77,"column":7}},"line":71},"11":{"name":"(anonymous_11)","decl":{"start":{"line":81,"column":14},"end":{"line":81,"column":15}},"loc":{"start":{"line":81,"column":24},"end":{"line":81,"column":32}},"line":81},"12":{"name":"(anonymous_12)","decl":{"start":{"line":85,"column":15},"end":{"line":85,"column":16}},"loc":{"start":{"line":85,"column":21},"end":{"line":98,"column":5}},"line":85},"13":{"name":"(anonymous_13)","decl":{"start":{"line":87,"column":42},"end":{"line":87,"column":43}},"loc":{"start":{"line":87,"column":49},"end":{"line":93,"column":6}},"line":87},"14":{"name":"(anonymous_14)","decl":{"start":{"line":101,"column":11},"end":{"line":101,"column":12}},"loc":{"start":{"line":101,"column":21},"end":{"line":101,"column":29}},"line":101},"15":{"name":"(anonymous_15)","decl":{"start":{"line":104,"column":21},"end":{"line":104,"column":22}},"loc":{"start":{"line":104,"column":27},"end":{"line":106,"column":2}},"line":104}},"branchMap":{"0":{"loc":{"start":{"line":41,"column":2},"end":{"line":43,"column":null}},"type":"if","locations":[{"start":{"line":41,"column":2},"end":{"line":43,"column":null}},{"start":{},"end":{}}],"line":41},"1":{"loc":{"start":{"line":41,"column":6},"end":{"line":41,"column":65}},"type":"binary-expr","locations":[{"start":{"line":41,"column":6},"end":{"line":41,"column":20}},{"start":{"line":41,"column":24},"end":{"line":41,"column":38}},{"start":{"line":41,"column":42},"end":{"line":41,"column":65}}],"line":41},"2":{"loc":{"start":{"line":47,"column":3},"end":{"line":51,"column":null}},"type":"if","locations":[{"start":{"line":47,"column":3},"end":{"line":51,"column":null}},{"start":{"line":49,"column":10},"end":{"line":51,"column":null}}],"line":47},"3":{"loc":{"start":{"line":61,"column":2},"end":{"line":100,"column":null}},"type":"if","locations":[{"start":{"line":61,"column":2},"end":{"line":100,"column":null}},{"start":{},"end":{}}],"line":61},"4":{"loc":{"start":{"line":66,"column":3},"end":{"line":99,"column":null}},"type":"if","locations":[{"start":{"line":66,"column":3},"end":{"line":99,"column":null}},{"start":{"line":83,"column":10},"end":{"line":99,"column":null}}],"line":66},"5":{"loc":{"start":{"line":72,"column":7},"end":{"line":76,"column":null}},"type":"if","locations":[{"start":{"line":72,"column":7},"end":{"line":76,"column":null}},{"start":{"line":74,"column":14},"end":{"line":76,"column":null}}],"line":72},"6":{"loc":{"start":{"line":72,"column":11},"end":{"line":72,"column":52}},"type":"binary-expr","locations":[{"start":{"line":72,"column":11},"end":{"line":72,"column":27}},{"start":{"line":72,"column":31},"end":{"line":72,"column":52}}],"line":72},"7":{"loc":{"start":{"line":88,"column":6},"end":{"line":92,"column":null}},"type":"if","locations":[{"start":{"line":88,"column":6},"end":{"line":92,"column":null}},{"start":{"line":90,"column":13},"end":{"line":92,"column":null}}],"line":88},"8":{"loc":{"start":{"line":88,"column":10},"end":{"line":88,"column":60}},"type":"binary-expr","locations":[{"start":{"line":88,"column":10},"end":{"line":88,"column":40}},{"start":{"line":88,"column":44},"end":{"line":88,"column":60}}],"line":88}},"s":{"0":1,"1":15,"2":15,"3":15,"4":15,"5":15,"6":15,"7":4,"8":4,"9":4,"10":12,"11":12,"12":4,"13":15,"14":4,"15":4,"16":16,"17":4,"18":4,"19":4,"20":4,"21":4,"22":15,"23":4,"24":15,"25":6,"26":1,"27":5,"28":20,"29":5,"30":15,"31":5,"32":5,"33":5,"34":5,"35":2,"36":2,"37":2,"38":2,"39":2,"40":2,"41":2,"42":8,"43":4,"44":4,"45":2,"46":2,"47":2,"48":0,"49":0,"50":0,"51":0,"52":0,"53":0,"54":0,"55":5,"56":5,"57":15,"58":0,"59":15,"60":15},"f":{"0":15,"1":4,"2":4,"3":16,"4":4,"5":6,"6":20,"7":2,"8":2,"9":2,"10":8,"11":2,"12":0,"13":0,"14":5,"15":0},"b":{"0":[1,5],"1":[6,6,6],"2":[5,15],"3":[2,3],"4":[2,0],"5":[4,4],"6":[8,6],"7":[0,0],"8":[0,0]},"meta":{"lastBranch":9,"lastFunction":16,"lastStatement":61,"seen":{"s:3:28:118:1":0,"f:3:28:3:29":0,"s:4:26:4:39":1,"s:5:40:5:53":2,"s:6:38:6:51":3,"s:7:26:7:38":4,"s:8:26:8:38":5,"s:10:22:17:2":6,"f:10:22:10:23":1,"s:11:19:11:29":7,"s:12:2:15:Infinity":8,"s:12:15:12:34":9,"s:13:13:13:48":10,"s:14:3:14:Infinity":11,"s:16:2:16:Infinity":12,"s:19:24:33:2":13,"f:19:24:19:25":2,"s:21:19:21:43":14,"s:22:24:27:5":15,"f:22:37:22:38":3,"s:22:56:27:3":16,"s:28:2:28:Infinity":17,"s:29:2:29:Infinity":18,"s:30:2:30:Infinity":19,"s:31:2:31:Infinity":20,"s:32:2:32:Infinity":21,"s:35:0:37:Infinity":22,"f:35:11:35:12":4,"s:36:2:36:Infinity":23,"s:39:25:102:2":24,"f:39:25:39:26":5,"b:41:2:43:Infinity:undefined:undefined:undefined:undefined":0,"s:41:2:43:Infinity":25,"b:41:6:41:20:41:24:41:38:41:42:41:65":1,"s:42:3:42:Infinity":26,"s:46:19:52:4":27,"f:46:29:46:30":6,"b:47:3:51:Infinity:49:10:51:Infinity":2,"s:47:3:51:Infinity":28,"s:48:4:48:Infinity":29,"s:50:4:50:Infinity":30,"s:54:2:54:Infinity":31,"s:57:26:57:52":32,"s:58:2:58:Infinity":33,"b:61:2:100:Infinity:undefined:undefined:undefined:undefined":3,"s:61:2:100:Infinity":34,"s:62:21:62:43":35,"b:66:3:99:Infinity:83:10:99:Infinity":4,"s:66:3:99:Infinity":36,"s:67:4:82:Infinity":37,"f:67:15:67:16":7,"s:68:5:68:Infinity":38,"f:68:19:68:20":8,"s:68:29:68:61":39,"s:70:5:78:Infinity":40,"f:70:14:70:15":9,"s:71:6:77:Infinity":41,"f:71:15:71:16":10,"b:72:7:76:Infinity:74:14:76:Infinity":5,"s:72:7:76:Infinity":42,"b:72:11:72:27:72:31:72:52":6,"s:73:8:73:Infinity":43,"s:75:8:75:Infinity":44,"s:80:5:80:Infinity":45,"s:81:5:81:Infinity":46,"f:81:14:81:15":11,"s:81:24:81:32":47,"s:85:4:98:Infinity":48,"f:85:15:85:16":12,"s:87:29:93:7":49,"f:87:42:87:43":13,"b:88:6:92:Infinity:90:13:92:Infinity":7,"s:88:6:92:Infinity":50,"b:88:10:88:40:88:44:88:60":8,"s:89:7:89:Infinity":51,"s:91:7:91:Infinity":52,"s:96:5:96:Infinity":53,"s:97:5:97:Infinity":54,"s:101:2:101:Infinity":55,"f:101:11:101:12":14,"s:101:21:101:29":56,"s:104:21:106:2":57,"f:104:21:104:22":15,"s:105:2:105:Infinity":58,"s:107:18:107:54":59,"s:109:1:117:Infinity":60}}}
}
